生成启动时间为 2017/5/23 22:51:29。
     1>项目“E:\软件工程\MySQL\DBMS\DBMS\DBMSMFC\DBMSMFC.vcxproj”在节点 2 上(Build 个目标)。
     1>ClCompile:
         D:\vs2013\VC\bin\CL.exe /c /ZI /nologo /W3 /WX- /sdl /Od /Oy- /D WIN32 /D _WINDOWS /D _DEBUG /D _UNICODE /D UNICODE /D _AFXDLL /Gm /EHsc /RTC1 /MDd /GS /fp:precise /Zc:wchar_t /Zc:forScope /Yu"stdafx.h" /Fp"Debug\DBMSMFC.pch" /Fo"Debug\\" /Fd"Debug\vc120.pdb" /Gd /TP /analyze- /errorReport:prompt DBMSFile.cpp DBMSMFC.cpp DBMSMFCDlg.cpp
         DBMSMFCDlg.cpp
         正在生成代码...
         正在跳过...(未检测到相关更改)
         DBMSMFC.cpp
         DBMSFile.cpp
       Link:
         D:\vs2013\VC\bin\link.exe /ERRORREPORT:PROMPT /OUT:"E:\软件工程\MySQL\DBMS\DBMS\Debug\DBMSMFC.exe" /INCREMENTAL /NOLOGO /MANIFEST /MANIFESTUAC:"level='asInvoker' uiAccess='false'" /manifest:embed /manifestinput:D:\vs2013\VC\Include\Manifest\dpiaware.manifest /DEBUG /PDB:"E:\软件工程\MySQL\DBMS\DBMS\Debug\DBMSMFC.pdb" /SUBSYSTEM:WINDOWS /TLBID:1 /ENTRY:"wWinMainCRTStartup" /DYNAMICBASE /NXCOMPAT /IMPLIB:"E:\软件工程\MySQL\DBMS\DBMS\Debug\DBMSMFC.lib" /MACHINE:X86 Debug\DBMSMFC.res
         Debug\CreateDBDlg.obj
         Debug\CreateTBDlg.obj
         Debug\DBMSFile.obj
         Debug\DBMSMFC.obj
         Debug\DBMSMFCDlg.obj
         Debug\stdafx.obj
         Debug\Tree.obj
         DBMSMFC.vcxproj -> E:\软件工程\MySQL\DBMS\DBMS\Debug\DBMSMFC.exe
     1>已完成生成项目“E:\软件工程\MySQL\DBMS\DBMS\DBMSMFC\DBMSMFC.vcxproj”(Build 个目标)的操作。

生成成功。

已用时间 00:00:11.24
