e:\软件工程\mysql\dbms\db\dbms\debug\dbms.pch
e:\软件工程\mysql\dbms\db\dbms\debug\vc120.pdb
e:\软件工程\mysql\dbms\db\dbms\debug\vc120.idb
e:\软件工程\mysql\dbms\db\dbms\debug\stdafx.obj
e:\软件工程\mysql\dbms\db\dbms\debug\dbms.obj
e:\软件工程\mysql\dbms\db\dbms\debug\dbmsdoc.obj
e:\软件工程\mysql\dbms\db\dbms\debug\dbmsview.obj
e:\软件工程\mysql\dbms\db\dbms\debug\dbview.obj
e:\软件工程\mysql\dbms\db\dbms\debug\db_tbnamedlg.obj
e:\软件工程\mysql\dbms\db\dbms\debug\db_tbrenamedlg.obj
e:\软件工程\mysql\dbms\db\dbms\debug\fielddlg.obj
e:\软件工程\mysql\dbms\db\dbms\debug\mainfrm.obj
e:\软件工程\mysql\dbms\db\dbms\debug\md5checksum.obj
e:\软件工程\mysql\dbms\db\dbms\debug\querydlg.obj
e:\软件工程\mysql\dbms\db\dbms\debug\recorddlg.obj
e:\软件工程\mysql\dbms\db\dbms\debug\registerdlg.obj
e:\软件工程\mysql\dbms\db\dbms\debug\sqldlg.obj
e:\软件工程\mysql\dbms\db\dbms\debug\tableview.obj
e:\软件工程\mysql\dbms\db\dbms\debug\transfer.obj
e:\软件工程\mysql\dbms\db\dbms\debug\userdlg.obj
e:\软件工程\mysql\dbms\db\debug\dbms.ilk
e:\软件工程\mysql\dbms\db\debug\dbms.exe
e:\软件工程\mysql\dbms\db\debug\dbms.pdb
e:\软件工程\mysql\dbms\db\dbms\debug\dbms.res
e:\软件工程\mysql\dbms\db\dbms\debug\dbms.tlog\cl.command.1.tlog
e:\软件工程\mysql\dbms\db\dbms\debug\dbms.tlog\cl.read.1.tlog
e:\软件工程\mysql\dbms\db\dbms\debug\dbms.tlog\cl.write.1.tlog
e:\软件工程\mysql\dbms\db\dbms\debug\dbms.tlog\link.command.1.tlog
e:\软件工程\mysql\dbms\db\dbms\debug\dbms.tlog\link.read.1.tlog
e:\软件工程\mysql\dbms\db\dbms\debug\dbms.tlog\link.write.1.tlog
e:\软件工程\mysql\dbms\db\dbms\debug\dbms.tlog\rc.command.1.tlog
e:\软件工程\mysql\dbms\db\dbms\debug\dbms.tlog\rc.read.1.tlog
e:\软件工程\mysql\dbms\db\dbms\debug\dbms.tlog\rc.write.1.tlog
