生成启动时间为 2017/6/20 0:44:44。
     1>项目“E:\软件工程\MySQL\DBMS\DB\DBMS\DBMS.vcxproj”在节点 2 上(Build 个目标)。
     1>ResourceCompile:
         C:\Program Files (x86)\Windows Kits\8.1\bin\x86\rc.exe /D _DEBUG /D _UNICODE /D UNICODE /D _AFXDLL /l"0x0804" /IDebug\ /nologo /fo"Debug\DBMS.res" DBMS.rc 
       Link:
         D:\vs2013\VC\bin\link.exe /ERRORREPORT:PROMPT /OUT:"E:\软件工程\MySQL\DBMS\DB\Debug\DBMS.exe" /INCREMENTAL /NOLOGO /MANIFEST /MANIFESTUAC:"level='asInvoker' uiAccess='false'" /manifest:embed /manifestinput:D:\vs2013\VC\Include\Manifest\dpiaware.manifest /DEBUG /PDB:"E:\软件工程\MySQL\DBMS\DB\Debug\DBMS.pdb" /SUBSYSTEM:WINDOWS /TLBID:1 /ENTRY:"wWinMainCRTStartup" /DYNAMICBASE /NXCOMPAT /IMPLIB:"E:\软件工程\MySQL\DBMS\DB\Debug\DBMS.lib" /MACHINE:X86 Debug\DBMS.res
         Debug\DBMS.obj
         Debug\DBMSDoc.obj
         Debug\DBMSView.obj
         Debug\DBView.obj
         Debug\DB_TBNameDlg.obj
         Debug\DB_TBRenameDlg.obj
         Debug\FieldDlg.obj
         Debug\MainFrm.obj
         Debug\MD5Checksum.obj
         Debug\QueryDlg.obj
         Debug\RecordDlg.obj
         Debug\RegisterDlg.obj
         Debug\SQLDlg.obj
         Debug\stdafx.obj
         Debug\TableView.obj
         Debug\Transfer.obj
         Debug\UserDlg.obj
         DBMS.vcxproj -> E:\软件工程\MySQL\DBMS\DB\Debug\DBMS.exe
     1>已完成生成项目“E:\软件工程\MySQL\DBMS\DB\DBMS\DBMS.vcxproj”(Build 个目标)的操作。

生成成功。

已用时间 00:00:04.66
